app/build/outputs/apk/manifest-merger-debug-report.txt
-- Merging decision tree log ---
manifest
ADDED from AndroidManifest.xml:2:1
	package
		ADDED from AndroidManifest.xml:3:5
		INJECTED from AndroidManifest.xml:0:0
		INJECTED from AndroidManifest.xml:0:0
	android:versionName
		ADDED from AndroidManifest.xml:5:5
		INJECTED from AndroidManifest.xml:0:0
		INJECTED from AndroidManifest.xml:0:0
	android:versionCode
		ADDED from AndroidManifest.xml:4:5
		INJECTED from AndroidManifest.xml:0:0
		INJECTED from AndroidManifest.xml:0:0
	xmlns:android
		ADDED from AndroidManifest.xml:2:11
uses-sdk
ADDED from AndroidManifest.xml:7:5
MERGED from com.android.support:appcompat-v7:21.0.3:15:5
MERGED from com.android.support:support-v4:21.0.3:15:5
MERGED from com.android.support:support-v4:21.0.3:15:5
	android:targetSdkVersion
		ADDED from AndroidManifest.xml:9:9
		INJECTED from AndroidManifest.xml:0:0
		INJECTED from AndroidManifest.xml:0:0
	android:minSdkVersion
		ADDED from AndroidManifest.xml:8:9
		INJECTED from AndroidManifest.xml:0:0
		INJECTED from AndroidManifest.xml:0:0
uses-permission#android.permission.WAKE_LOCK
ADDED from AndroidManifest.xml:11:5
	android:name
		ADDED from AndroidManifest.xml:11:22
uses-permission#android.permission.INTERNET
ADDED from AndroidManifest.xml:12:5
	android:name
		ADDED from AndroidManifest.xml:12:22
uses-permission#android.permission.ACCESS_NETWORK_STATE
ADDED from AndroidManifest.xml:13:5
	android:name
		ADDED from AndroidManifest.xml:13:22
uses-permission#android.permission.READ_EXTERNAL_STORAGE
ADDED from AndroidManifest.xml:14:5
	android:name
		ADDED from AndroidManifest.xml:14:22
application
ADDED from AndroidManifest.xml:21:5
MERGED from com.android.support:appcompat-v7:21.0.3:16:5
MERGED from com.android.support:support-v4:21.0.3:16:5
MERGED from com.android.support:support-v4:21.0.3:16:5
	android:label
		ADDED from AndroidManifest.xml:25:9
	android:allowBackup
		ADDED from AndroidManifest.xml:23:9
	android:icon
		ADDED from AndroidManifest.xml:24:9
	android:theme
		ADDED from AndroidManifest.xml:26:9
	android:name
		ADDED from AndroidManifest.xml:22:9
activity#com.adam.iptv.SplashScreen
ADDED from AndroidManifest.xml:29:9
	android:screenOrientation
		ADDED from AndroidManifest.xml:32:9
	android:label
		ADDED from AndroidManifest.xml:31:9
	android:name
		ADDED from AndroidManifest.xml:30:9
intent-filter#android.intent.action.MAIN+android.intent.category.LAUNCHER
ADDED from AndroidManifest.xml:33:9
action#android.intent.action.MAIN
ADDED from AndroidManifest.xml:34:9
	android:name
		ADDED from AndroidManifest.xml:34:17
category#android.intent.category.LAUNCHER
ADDED from AndroidManifest.xml:36:9
	android:name
		ADDED from AndroidManifest.xml:36:19
activity#com.adam.iptv.Navbarhome
ADDED from AndroidManifest.xml:39:9
	android:screenOrientation
		ADDED from AndroidManifest.xml:42:13
	android:label
		ADDED from AndroidManifest.xml:41:13
	android:name
		ADDED from AndroidManifest.xml:40:13
activity#com.adam.iptv.WebViewMajelis
ADDED from AndroidManifest.xml:44:9
	android:name
		ADDED from AndroidManifest.xml:44:19
activity#io.vov.vitamio.activity.InitActivity
ADDED from AndroidManifest.xml:45:9
	android:launchMode
		ADDED from AndroidManifest.xml:48:13
	android:windowSoftInputMode
		ADDED from AndroidManifest.xml:50:13
	android:configChanges
		ADDED from AndroidManifest.xml:47:13
	android:theme
		ADDED from AndroidManifest.xml:49:13
	android:name
		ADDED from AndroidManifest.xml:46:13
activity#com.adam.iptv.DetailArtikel
ADDED from AndroidManifest.xml:51:5
	android:theme
		ADDED from AndroidManifest.xml:52:9
	android:name
		ADDED from AndroidManifest.xml:51:15
activity#com.adam.iptv.VideoRTMP
ADDED from AndroidManifest.xml:53:9
	android:screenOrientation
		ADDED from AndroidManifest.xml:55:13
	android:theme
		ADDED from AndroidManifest.xml:54:13
	android:name
		ADDED from AndroidManifest.xml:53:19